<?xml version="1.0" encoding="UTF-8"?>
<!-- Generated by org.testng.reporters.JUnitReportReporter -->
<testsuite skipped="0" hostname="DESKTOP-C0FH93G" name="TestCase001" tests="2" failures="0" timestamp="2023-05-07T15:57:15 IST" time="10.428" errors="0">
  <testcase name="execute" time="4.281" classname="TestCase001"/>
  <system-out/>
  <testcase name="execute" time="6.147" classname="TestCase001"/>
  <system-out/>
</testsuite> <!-- TestCase001 -->
