<?xml version="1.0" encoding="UTF-8"?>
<!-- Generated by org.testng.reporters.JUnitReportReporter -->
<testsuite skipped="0" hostname="DESKTOP-C0FH93G" name="TestCase002" tests="2" failures="0" timestamp="2023-05-07T15:57:15 IST" time="90.096" errors="0">
  <testcase name="execute" time="44.845" classname="TestCase002"/>
  <system-out/>
  <testcase name="execute" time="45.251" classname="TestCase002"/>
  <system-out/>
</testsuite> <!-- TestCase002 -->
