<?xml version="1.0" encoding="UTF-8"?>
<!-- Generated by org.testng.reporters.JUnitReportReporter -->
<testsuite skipped="0" hostname="DESKTOP-C0FH93G" name="TestCase003" tests="2" failures="0" timestamp="2023-05-07T15:57:15 IST" time="11.083" errors="0">
  <testcase name="execute" time="7.121" classname="TestCase003"/>
  <system-out/>
  <testcase name="execute" time="3.962" classname="TestCase003"/>
  <system-out/>
</testsuite> <!-- TestCase003 -->
